0 info it worked if it ends with ok
1 verbose cli [ 'node', '/usr/local/bin/npm', 'install', 'gulo', '-g' ]
2 info using npm@1.4.28
3 info using node@v0.10.35
4 verbose cache add [ 'gulo', null ]
5 verbose cache add name=undefined spec="gulo" args=["gulo",null]
6 verbose parsed url { protocol: null,
6 verbose parsed url   slashes: null,
6 verbose parsed url   auth: null,
6 verbose parsed url   host: null,
6 verbose parsed url   port: null,
6 verbose parsed url   hostname: null,
6 verbose parsed url   hash: null,
6 verbose parsed url   search: null,
6 verbose parsed url   query: null,
6 verbose parsed url   pathname: 'gulo',
6 verbose parsed url   path: 'gulo',
6 verbose parsed url   href: 'gulo' }
7 silly lockFile 3abe1c5b-gulo gulo
8 verbose lock gulo /Users/joaolenon/.npm/3abe1c5b-gulo.lock
9 silly lockFile 3abe1c5b-gulo gulo
10 silly lockFile 3abe1c5b-gulo gulo
11 verbose addNamed [ 'gulo', '' ]
12 verbose addNamed [ null, '*' ]
13 silly lockFile 641235bc-gulo gulo@
14 verbose lock gulo@ /Users/joaolenon/.npm/641235bc-gulo.lock
15 silly addNameRange { name: 'gulo', range: '*', hasData: false }
16 verbose request where is /gulo
17 verbose request registry https://registry.npmjs.org/
18 verbose request id d7b1f976dbb61b4b
19 verbose url raw /gulo
20 verbose url resolving [ 'https://registry.npmjs.org/', './gulo' ]
21 verbose url resolved https://registry.npmjs.org/gulo
22 verbose request where is https://registry.npmjs.org/gulo
23 info trying registry request attempt 1 at 14:46:20
24 http GET https://registry.npmjs.org/gulo
25 http 404 https://registry.npmjs.org/gulo
26 silly registry.get cb [ 404,
26 silly registry.get   { 'content-type': 'application/json',
26 silly registry.get     'cache-control': 'max-age=0',
26 silly registry.get     'content-length': '2',
26 silly registry.get     'accept-ranges': 'bytes',
26 silly registry.get     date: 'Mon, 22 Aug 2016 17:46:21 GMT',
26 silly registry.get     via: '1.1 varnish',
26 silly registry.get     age: '0',
26 silly registry.get     connection: 'keep-alive',
26 silly registry.get     'x-served-by': 'cache-gru7126-GRU',
26 silly registry.get     'x-cache': 'MISS',
26 silly registry.get     'x-cache-hits': '0',
26 silly registry.get     'x-timer': 'S1471887981.524896,VS0,VE208',
26 silly registry.get     vary: 'Accept-Encoding' } ]
27 silly lockFile 641235bc-gulo gulo@
28 silly lockFile 641235bc-gulo gulo@
29 error 404 Not Found
29 error 404
29 error 404 'gulo' is not in the npm registry.
29 error 404 You should bug the author to publish it
29 error 404
29 error 404 Note that you can also install from a
29 error 404 tarball, folder, or http url, or git url.
30 error System Darwin 15.6.0
31 error command "node" "/usr/local/bin/npm" "install" "gulo" "-g"
32 error cwd /Users/joaolenon/Projects/clickbus/clickbus-payments.js
33 error node -v v0.10.35
34 error npm -v 1.4.28
35 error code E404
36 verbose exit [ 1, true ]
